nohup: ignoring input
[I 2025-01-28 22:55:34.313 ServerApp] jupyter_lsp | extension was successfully linked.
[I 2025-01-28 22:55:34.327 ServerApp] jupyter_server_terminals | extension was successfully linked.
[I 2025-01-28 22:55:34.347 ServerApp] jupyterlab | extension was successfully linked.
[I 2025-01-28 22:55:34.353 ServerApp] Writing Jupyter server cookie secret to /home/ec2-user/.local/share/jupyter/runtime/jupyter_cookie_secret
[I 2025-01-28 22:55:35.494 ServerApp] notebook_shim | extension was successfully linked.
[I 2025-01-28 22:55:35.619 ServerApp] notebook_shim | extension was successfully loaded.
[I 2025-01-28 22:55:35.661 ServerApp] jupyter_lsp | extension was successfully loaded.
[I 2025-01-28 22:55:35.697 ServerApp] jupyter_server_terminals | extension was successfully loaded.
[I 2025-01-28 22:55:35.732 LabApp] JupyterLab extension loaded from /home/ec2-user/environment/jupyterlab-venv/lib64/python3.9/site-packages/jupyterlab
[I 2025-01-28 22:55:35.732 LabApp] JupyterLab application directory is /home/ec2-user/environment/jupyterlab-venv/share/jupyter/lab
[I 2025-01-28 22:55:35.733 LabApp] Extension Manager is 'pypi'.
[I 2025-01-28 22:55:35.743 ServerApp] jupyterlab | extension was successfully loaded.
[I 2025-01-28 22:55:35.746 ServerApp] Serving notebooks from local directory: /home/ec2-user/environment
[I 2025-01-28 22:55:35.746 ServerApp] Jupyter Server 2.15.0 is running at:
[I 2025-01-28 22:55:35.746 ServerApp] http://ip-10-0-1-203.ec2.internal:8888/lab?token=b7fb1e967cbb5d53fdb963ffee3abc1111dec1b601f52dcd
[I 2025-01-28 22:55:35.746 ServerApp]     http://127.0.0.1:8888/lab?token=b7fb1e967cbb5d53fdb963ffee3abc1111dec1b601f52dcd
[I 2025-01-28 22:55:35.746 ServerApp] Use Control-C to stop this server and shut down all kernels (twice to skip confirmation).
[W 2025-01-28 22:55:35.762 ServerApp] No web browser found: Error('could not locate runnable browser').
[C 2025-01-28 22:55:35.763 ServerApp] 
    
    To access the server, open this file in a browser:
        file:///home/ec2-user/.local/share/jupyter/runtime/jpserver-2549-open.html
    Or copy and paste one of these URLs:
        http://ip-10-0-1-203.ec2.internal:8888/lab?token=b7fb1e967cbb5d53fdb963ffee3abc1111dec1b601f52dcd
        http://127.0.0.1:8888/lab?token=b7fb1e967cbb5d53fdb963ffee3abc1111dec1b601f52dcd
[I 2025-01-28 22:55:36.410 ServerApp] Skipped non-installed server(s): bash-language-server, dockerfile-language-server-nodejs, javascript-typescript-langserver, jedi-language-server, julia-language-server, pyright, python-language-server, python-lsp-server, r-languageserver, sql-language-server, texlab, typescript-language-server, unified-language-server, vscode-css-languageserver-bin, vscode-html-languageserver-bin, vscode-json-languageserver-bin, yaml-language-server
[I 2025-01-28 22:58:07.022 LabApp] Build is up to date
[I 2025-01-28 22:58:13.583 ServerApp] Writing notebook-signing key to /home/ec2-user/.local/share/jupyter/notebook_secret
[W 2025-01-28 22:58:13.598 ServerApp] Notebook C2_W2_Lab_1_Streaming_Ingestion.ipynb is not trusted
[I 2025-01-28 22:58:14.205 ServerApp] Kernel started: eb1c846a-d541-4af9-9a98-fa3cc5176e3d
[I 2025-01-28 22:58:15.451 ServerApp] Connecting to kernel eb1c846a-d541-4af9-9a98-fa3cc5176e3d.
[I 2025-01-28 22:58:15.606 ServerApp] Connecting to kernel eb1c846a-d541-4af9-9a98-fa3cc5176e3d.
[I 2025-01-28 22:58:15.663 ServerApp] Connecting to kernel eb1c846a-d541-4af9-9a98-fa3cc5176e3d.
[I 2025-01-28 23:00:13.810 ServerApp] Saving file at /C2_W2_Lab_1_Streaming_Ingestion.ipynb
[I 2025-01-28 23:01:38.311 ServerApp] New terminal with automatic name: 1
[I 2025-01-28 23:02:54.123 ServerApp] New terminal with automatic name: 2
[I 2025-01-28 23:08:13.948 ServerApp] Saving file at /C2_W2_Lab_1_Streaming_Ingestion.ipynb
[I 2025-01-28 23:09:36.012 ServerApp] Saving file at /C2_W2_Lab_1_Streaming_Ingestion.ipynb
[I 2025-01-28 23:10:53.596 ServerApp] Saving file at /C2_W2_Lab_1_Streaming_Ingestion.ipynb
[I 2025-01-28 23:12:53.689 ServerApp] Saving file at /C2_W2_Lab_1_Streaming_Ingestion.ipynb
[I 2025-01-28 23:16:53.771 ServerApp] Saving file at /C2_W2_Lab_1_Streaming_Ingestion.ipynb
[I 2025-01-28 23:20:14.763 ServerApp] Connecting to kernel eb1c846a-d541-4af9-9a98-fa3cc5176e3d.
[I 2025-01-28 23:20:15.448 LabApp] Build is up to date
[I 2025-01-28 23:20:58.655 ServerApp] Saving file at /src/etl/consumer.py
[I 2025-01-28 23:24:19.022 ServerApp] Saving file at /src/etl/consumer.py
[I 2025-01-28 23:26:19.097 ServerApp] Saving file at /src/etl/consumer.py
[I 2025-01-28 23:26:34.427 ServerApp] Saving file at /src/etl/consumer.py
[I 2025-01-28 23:26:47.833 ServerApp] Saving file at /src/etl/consumer.py
[I 2025-01-28 23:27:40.013 ServerApp] Saving file at /src/etl/consumer.py
[I 2025-01-28 23:28:20.396 ServerApp] New terminal with automatic name: 3
[I 2025-01-28 23:29:08.415 ServerApp] Saving file at /src/etl/consumer.py
[I 2025-01-28 23:29:09.134 ServerApp] Saving file at /src/etl/consumer.py
